[debug] [2023-05-14T09:50:25.284Z] ----------------------------------------------------------------------
[debug] [2023-05-14T09:50:25.287Z] Command:       C:\Program Files\nodejs\node.exe C:\Users\PC\AppData\Roaming\npm\node_modules\firebase-tools\lib\bin\firebase.js init
[debug] [2023-05-14T09:50:25.287Z] CLI Version:   12.0.0
[debug] [2023-05-14T09:50:25.288Z] Platform:      win32
[debug] [2023-05-14T09:50:25.288Z] Node Version:  v18.13.0
[debug] [2023-05-14T09:50:25.289Z] Time:          Sun May 14 2023 17:50:25 GMT+0800 (Philippine Standard Time)
[debug] [2023-05-14T09:50:25.290Z] ----------------------------------------------------------------------
[debug] 
[debug] [2023-05-14T09:50:25.304Z] > command requires scopes: ["email","openid","https://www.googleapis.com/auth/cloudplatformprojects.readonly","https://www.googleapis.com/auth/firebase","https://www.googleapis.com/auth/cloud-platform"]
[debug] [2023-05-14T09:50:25.305Z] > authorizing via signed-in user (spetsnaz69420@gmail.com)
[info] 
     ######## #### ########  ######## ########     ###     ######  ########
     ##        ##  ##     ## ##       ##     ##  ##   ##  ##       ##
     ######    ##  ########  ######   ########  #########  ######  ######
     ##        ##  ##    ##  ##       ##     ## ##     ##       ## ##
     ##       #### ##     ## ######## ########  ##     ##  ######  ########

You're about to initialize a Firebase project in this directory:

  C:\Users\PC\OneDrive\Documents\UBAGUIO\ComponentMock\App

[info] 
=== Project Setup
[info] 
[info] First, let's associate this project directory with a Firebase project.
[info] You can create multiple project aliases by running firebase use --add, 
[info] but for now we'll just set up a default project.
[info] 
[debug] [2023-05-14T09:50:52.635Z] >>> [apiv2][query] GET https://firebase.googleapis.com/v1beta1/projects pageSize=100
[debug] [2023-05-14T09:50:53.428Z] <<< [apiv2][status] GET https://firebase.googleapis.com/v1beta1/projects 200
[debug] [2023-05-14T09:50:53.429Z] <<< [apiv2][body] GET https://firebase.googleapis.com/v1beta1/projects [omitted]
[info] i  Using project componenttry (ComponentTry) 
[info] 
=== Hosting Setup
[info] 
[info] Your public directory is the folder (relative to your project directory) that
[info] will contain Hosting assets to be uploaded with firebase deploy. If you
[info] have a build process for your assets, use your build's output directory.
[info] 
[debug] [2023-05-14T09:51:13.437Z] >>> [apiv2][query] GET https://www.gstatic.com/firebasejs/releases.json [none]
[debug] [2023-05-14T09:51:13.588Z] <<< [apiv2][status] GET https://www.gstatic.com/firebasejs/releases.json 200
[debug] [2023-05-14T09:51:13.589Z] <<< [apiv2][body] GET https://www.gstatic.com/firebasejs/releases.json {"current":{"version":"9.22.0","browserURL":"https://www.gstatic.com/firebasejs/9.22.0/firebase.js","packageURL":"https://www.gstatic.com/firebasejs/9.22.0/firebase.tgz"},"live":{"version":"9.22","browserURL":"https://www.gstatic.com/firebasejs/live/9.22/firebase.js","packageURL":"https://www.gstatic.com/firebasejs/live/9.22/firebase.tgz"},"components":{"analytics":"https://www.gstatic.com/firebasejs/9.22.0/firebase-analytics.js","app":"https://www.gstatic.com/firebasejs/9.22.0/firebase-app.js","app-check":"https://www.gstatic.com/firebasejs/9.22.0/firebase-app-check.js","auth":"https://www.gstatic.com/firebasejs/9.22.0/firebase-auth.js","auth/cordova":"https://www.gstatic.com/firebasejs/9.22.0/firebase-auth/cordova.js","auth/react-native":"https://www.gstatic.com/firebasejs/9.22.0/firebase-auth/react-native.js","functions":"https://www.gstatic.com/firebasejs/9.22.0/firebase-functions.js","firestore":"https://www.gstatic.com/firebasejs/9.22.0/firebase-firestore.js","firestore/lite":"https://www.gstatic.com/firebasejs/9.22.0/firebase-firestore/lite.js","installations":"https://www.gstatic.com/firebasejs/9.22.0/firebase-installations.js","storage":"https://www.gstatic.com/firebasejs/9.22.0/firebase-storage.js","performance":"https://www.gstatic.com/firebasejs/9.22.0/firebase-performance.js","remote-config":"https://www.gstatic.com/firebasejs/9.22.0/firebase-remote-config.js","messaging":"https://www.gstatic.com/firebasejs/9.22.0/firebase-messaging.js","messaging/sw":"https://www.gstatic.com/firebasejs/9.22.0/firebase-messaging/sw.js","database":"https://www.gstatic.com/firebasejs/9.22.0/firebase-database.js","firestore.memory":"https://www.gstatic.com/firebasejs/9.22.0/firebase-firestore.memory.js"}}
[info] +  Wrote y/index.html 
[info] 
[info] i  Detected a .git folder at C:\Users\PC\OneDrive\Documents\UBAGUIO\ComponentMock 
[info] i  Authorizing with GitHub to upload your service account to a GitHub repository's secrets store. 
[info] 
[info] Visit this URL on this device to log in:
[info] https://github.com/login/oauth/authorize?client_id=89cf50f02ac6aaed3484&state=957369706&redirect_uri=http%3A%2F%2Flocalhost%3A9005&scope=read%3Auser%20repo%20public_repo
[info] 
[info] Waiting for authentication...
[debug] [2023-05-14T09:51:14.461Z] >>> [apiv2][query] POST https://github.com/login/oauth/access_token [none]
[debug] [2023-05-14T09:51:14.462Z] >>> [apiv2][body] POST https://github.com/login/oauth/access_token [stream]
[debug] [2023-05-14T09:51:14.907Z] <<< [apiv2][status] POST https://github.com/login/oauth/access_token 200
[debug] [2023-05-14T09:51:14.907Z] <<< [apiv2][body] POST https://github.com/login/oauth/access_token {"access_token":"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","token_type":"bearer","scope":"read:user,repo"}
[debug] [2023-05-14T09:51:14.921Z] >>> [apiv2][query] GET https://api.github.com/user [none]
[debug] [2023-05-14T09:51:15.397Z] <<< [apiv2][status] GET https://api.github.com/user 200
[debug] [2023-05-14T09:51:15.397Z] <<< [apiv2][body] GET https://api.github.com/user {"login":"APPDEV-FINALS-CJ","id":130951702,"node_id":"U_kgDOB84qFg","avatar_url":"https://avatars.githubusercontent.com/u/130951702?v=4","gravatar_id":"","url":"https://api.github.com/users/APPDEV-FINALS-CJ","html_url":"https://github.com/APPDEV-FINALS-CJ","followers_url":"https://api.github.com/users/APPDEV-FINALS-CJ/followers","following_url":"https://api.github.com/users/APPDEV-FINALS-CJ/following{/other_user}","gists_url":"https://api.github.com/users/APPDEV-FINALS-CJ/gists{/gist_id}","starred_url":"https://api.github.com/users/APPDEV-FINALS-CJ/starred{/owner}{/repo}","subscriptions_url":"https://api.github.com/users/APPDEV-FINALS-CJ/subscriptions","organizations_url":"https://api.github.com/users/APPDEV-FINALS-CJ/orgs","repos_url":"https://api.github.com/users/APPDEV-FINALS-CJ/repos","events_url":"https://api.github.com/users/APPDEV-FINALS-CJ/events{/privacy}","received_events_url":"https://api.github.com/users/APPDEV-FINALS-CJ/received_events","type":"User","site_admin":false,"name":"APPDEV_FINALS_CJ","company":null,"blog":"","location":null,"email":null,"hireable":null,"bio":"@UBSITJunioChristian \r\n@UBSITConsolacionRenato","twitter_username":null,"public_repos":1,"public_gists":0,"followers":2,"following":2,"created_at":"2023-04-17T03:30:28Z","updated_at":"2023-05-10T10:45:00Z","private_gists":0,"total_private_repos":2,"owned_private_repos":2,"disk_usage":48324,"collaborators":3,"two_factor_authentication":false,"plan":{"name":"free","space":976562499,"collaborators":0,"private_repos":10000}}
[info] 
[info] +  Success! Logged into GitHub as APPDEV-FINALS-CJ 
[info] 
[debug] [2023-05-14T09:53:19.878Z] >>> [apiv2][query] GET https://api.github.com/repos/U/actions/secrets/public-key type=owner
[debug] [2023-05-14T09:53:20.295Z] <<< [apiv2][status] GET https://api.github.com/repos/U/actions/secrets/public-key 404
[debug] [2023-05-14T09:53:20.295Z] <<< [apiv2][body] GET https://api.github.com/repos/U/actions/secrets/public-key {"message":"Not Found","documentation_url":"https://docs.github.com/rest"}
[info] 
[info] 
[error] !  The provided authorization cannot be used with this repository. If this repository is in an organization, did you remember to grant access? 
[info] 
[info] i  Action required: Visit this URL to ensure access has been granted to the appropriate organization(s) for the Firebase CLI GitHub OAuth App: 
[info] https://github.com/settings/connections/applications/89cf50f02ac6aaed3484
[info] 
[debug] [2023-05-14T09:53:44.722Z] >>> [apiv2][query] GET https://api.github.com/repos/UBISTCnsolacionRenato/ComponentMock/actions/secrets/public-key type=owner
[debug] [2023-05-14T09:53:45.124Z] <<< [apiv2][status] GET https://api.github.com/repos/UBISTCnsolacionRenato/ComponentMock/actions/secrets/public-key 404
[debug] [2023-05-14T09:53:45.125Z] <<< [apiv2][body] GET https://api.github.com/repos/UBISTCnsolacionRenato/ComponentMock/actions/secrets/public-key {"message":"Not Found","documentation_url":"https://docs.github.com/rest/reference/actions#get-a-repository-public-key"}
[info] 
[info] 
[error] !  The provided authorization cannot be used with this repository. If this repository is in an organization, did you remember to grant access? 
[info] 
[info] i  Action required: Visit this URL to ensure access has been granted to the appropriate organization(s) for the Firebase CLI GitHub OAuth App: 
[info] https://github.com/settings/connections/applications/89cf50f02ac6aaed3484
[info] 
[debug] [2023-05-14T09:53:52.563Z] >>> [apiv2][query] GET https://api.github.com/repos/UBISTCnsolacionRenato/ComponentMock/actions/secrets/public-key type=owner
[debug] [2023-05-14T09:53:52.968Z] <<< [apiv2][status] GET https://api.github.com/repos/UBISTCnsolacionRenato/ComponentMock/actions/secrets/public-key 404
[debug] [2023-05-14T09:53:52.968Z] <<< [apiv2][body] GET https://api.github.com/repos/UBISTCnsolacionRenato/ComponentMock/actions/secrets/public-key {"message":"Not Found","documentation_url":"https://docs.github.com/rest/reference/actions#get-a-repository-public-key"}
[info] 
[info] 
[error] !  The provided authorization cannot be used with this repository. If this repository is in an organization, did you remember to grant access? 
[info] 
[info] i  Action required: Visit this URL to ensure access has been granted to the appropriate organization(s) for the Firebase CLI GitHub OAuth App: 
[info] https://github.com/settings/connections/applications/89cf50f02ac6aaed3484
[info] 
[debug] [2023-05-14T09:54:09.258Z] >>> [apiv2][query] GET https://api.github.com/repos/UBISTCnsolacionRenato/ComponentMock/actions/secrets/public-key type=owner
[debug] [2023-05-14T09:54:09.663Z] <<< [apiv2][status] GET https://api.github.com/repos/UBISTCnsolacionRenato/ComponentMock/actions/secrets/public-key 404
[debug] [2023-05-14T09:54:09.663Z] <<< [apiv2][body] GET https://api.github.com/repos/UBISTCnsolacionRenato/ComponentMock/actions/secrets/public-key {"message":"Not Found","documentation_url":"https://docs.github.com/rest/reference/actions#get-a-repository-public-key"}
[info] 
[info] 
[error] !  The provided authorization cannot be used with this repository. If this repository is in an organization, did you remember to grant access? 
[info] 
[info] i  Action required: Visit this URL to ensure access has been granted to the appropriate organization(s) for the Firebase CLI GitHub OAuth App: 
[info] https://github.com/settings/connections/applications/89cf50f02ac6aaed3484
[info] 
[debug] [2023-05-14T09:58:38.953Z] >>> [apiv2][query] GET https://api.github.com/repos/UBSITCnsolacionRenato/ComponentMock/actions/secrets/public-key type=owner
[debug] [2023-05-14T09:58:39.363Z] <<< [apiv2][status] GET https://api.github.com/repos/UBSITCnsolacionRenato/ComponentMock/actions/secrets/public-key 404
[debug] [2023-05-14T09:58:39.363Z] <<< [apiv2][body] GET https://api.github.com/repos/UBSITCnsolacionRenato/ComponentMock/actions/secrets/public-key {"message":"Not Found","documentation_url":"https://docs.github.com/rest/reference/actions#get-a-repository-public-key"}
[info] 
[info] 
[error] !  The provided authorization cannot be used with this repository. If this repository is in an organization, did you remember to grant access? 
[info] 
[info] i  Action required: Visit this URL to ensure access has been granted to the appropriate organization(s) for the Firebase CLI GitHub OAuth App: 
[info] https://github.com/settings/connections/applications/89cf50f02ac6aaed3484
[info] 
[debug] [2023-05-14T09:58:48.122Z] >>> [apiv2][query] GET https://api.github.com/repos/UBSITCOnsolacionRenato/ComponentMock/actions/secrets/public-key type=owner
[debug] [2023-05-14T09:58:48.534Z] <<< [apiv2][status] GET https://api.github.com/repos/UBSITCOnsolacionRenato/ComponentMock/actions/secrets/public-key 403
[debug] [2023-05-14T09:58:48.534Z] <<< [apiv2][body] GET https://api.github.com/repos/UBSITCOnsolacionRenato/ComponentMock/actions/secrets/public-key {"message":"Must have admin rights to Repository.","documentation_url":"https://docs.github.com/rest/reference/actions#get-a-repository-public-key"}
[info] 
[info] 
[error] !  The provided authorization cannot be used with this repository. If this repository is in an organization, did you remember to grant access? 
[info] 
[info] i  Action required: Visit this URL to ensure access has been granted to the appropriate organization(s) for the Firebase CLI GitHub OAuth App: 
[info] https://github.com/settings/connections/applications/89cf50f02ac6aaed3484
[info] 
[debug] [2023-05-14T09:58:55.457Z] >>> [apiv2][query] GET https://api.github.com/repos/UBSITConsolacionRenato/ComponentMock/actions/secrets/public-key type=owner
[debug] [2023-05-14T09:58:55.883Z] <<< [apiv2][status] GET https://api.github.com/repos/UBSITConsolacionRenato/ComponentMock/actions/secrets/public-key 403
[debug] [2023-05-14T09:58:55.883Z] <<< [apiv2][body] GET https://api.github.com/repos/UBSITConsolacionRenato/ComponentMock/actions/secrets/public-key {"message":"Must have admin rights to Repository.","documentation_url":"https://docs.github.com/rest/reference/actions#get-a-repository-public-key"}
[info] 
[info] 
[error] !  The provided authorization cannot be used with this repository. If this repository is in an organization, did you remember to grant access? 
[info] 
[info] i  Action required: Visit this URL to ensure access has been granted to the appropriate organization(s) for the Firebase CLI GitHub OAuth App: 
[info] https://github.com/settings/connections/applications/89cf50f02ac6aaed3484
[info] 
[debug] [2023-05-14T09:59:00.859Z] >>> [apiv2][query] GET https://api.github.com/repos/UBSITConsolacionRenato/ComponentMock/actions/secrets/public-key type=owner
[debug] [2023-05-14T09:59:01.273Z] <<< [apiv2][status] GET https://api.github.com/repos/UBSITConsolacionRenato/ComponentMock/actions/secrets/public-key 403
[debug] [2023-05-14T09:59:01.273Z] <<< [apiv2][body] GET https://api.github.com/repos/UBSITConsolacionRenato/ComponentMock/actions/secrets/public-key {"message":"Must have admin rights to Repository.","documentation_url":"https://docs.github.com/rest/reference/actions#get-a-repository-public-key"}
[info] 
[info] 
[error] !  The provided authorization cannot be used with this repository. If this repository is in an organization, did you remember to grant access? 
[info] 
[info] i  Action required: Visit this URL to ensure access has been granted to the appropriate organization(s) for the Firebase CLI GitHub OAuth App: 
[info] https://github.com/settings/connections/applications/89cf50f02ac6aaed3484
[info] 
[debug] [2023-05-14T09:59:01.585Z] >>> [apiv2][query] GET https://api.github.com/repos/UBSITConsolacionRenato/ComponentMock/actions/secrets/public-key type=owner
[debug] [2023-05-14T09:59:02.007Z] <<< [apiv2][status] GET https://api.github.com/repos/UBSITConsolacionRenato/ComponentMock/actions/secrets/public-key 403
[debug] [2023-05-14T09:59:02.007Z] <<< [apiv2][body] GET https://api.github.com/repos/UBSITConsolacionRenato/ComponentMock/actions/secrets/public-key {"message":"Must have admin rights to Repository.","documentation_url":"https://docs.github.com/rest/reference/actions#get-a-repository-public-key"}
[info] 
[info] 
[error] !  The provided authorization cannot be used with this repository. If this repository is in an organization, did you remember to grant access? 
[info] 
[info] i  Action required: Visit this URL to ensure access has been granted to the appropriate organization(s) for the Firebase CLI GitHub OAuth App: 
[info] https://github.com/settings/connections/applications/89cf50f02ac6aaed3484
[info] 
[debug] [2023-05-14T09:59:02.186Z] >>> [apiv2][query] GET https://api.github.com/repos/UBSITConsolacionRenato/ComponentMock/actions/secrets/public-key type=owner
[debug] [2023-05-14T09:59:02.615Z] <<< [apiv2][status] GET https://api.github.com/repos/UBSITConsolacionRenato/ComponentMock/actions/secrets/public-key 403
[debug] [2023-05-14T09:59:02.615Z] <<< [apiv2][body] GET https://api.github.com/repos/UBSITConsolacionRenato/ComponentMock/actions/secrets/public-key {"message":"Must have admin rights to Repository.","documentation_url":"https://docs.github.com/rest/reference/actions#get-a-repository-public-key"}
[info] 
[info] 
[error] !  The provided authorization cannot be used with this repository. If this repository is in an organization, did you remember to grant access? 
[info] 
[info] i  Action required: Visit this URL to ensure access has been granted to the appropriate organization(s) for the Firebase CLI GitHub OAuth App: 
[info] https://github.com/settings/connections/applications/89cf50f02ac6aaed3484
[info] 
[debug] [2023-05-14T09:59:02.945Z] >>> [apiv2][query] GET https://api.github.com/repos/UBSITConsolacionRenato/ComponentMock/actions/secrets/public-key type=owner
[debug] [2023-05-14T09:59:03.367Z] <<< [apiv2][status] GET https://api.github.com/repos/UBSITConsolacionRenato/ComponentMock/actions/secrets/public-key 403
[debug] [2023-05-14T09:59:03.368Z] <<< [apiv2][body] GET https://api.github.com/repos/UBSITConsolacionRenato/ComponentMock/actions/secrets/public-key {"message":"Must have admin rights to Repository.","documentation_url":"https://docs.github.com/rest/reference/actions#get-a-repository-public-key"}
[info] 
[info] 
[error] !  The provided authorization cannot be used with this repository. If this repository is in an organization, did you remember to grant access? 
[info] 
[info] i  Action required: Visit this URL to ensure access has been granted to the appropriate organization(s) for the Firebase CLI GitHub OAuth App: 
[info] https://github.com/settings/connections/applications/89cf50f02ac6aaed3484
[info] 
[debug] [2023-05-14T09:59:03.657Z] >>> [apiv2][query] GET https://api.github.com/repos/UBSITConsolacionRenato/ComponentMock/actions/secrets/public-key type=owner
[debug] [2023-05-14T09:59:04.072Z] <<< [apiv2][status] GET https://api.github.com/repos/UBSITConsolacionRenato/ComponentMock/actions/secrets/public-key 403
[debug] [2023-05-14T09:59:04.072Z] <<< [apiv2][body] GET https://api.github.com/repos/UBSITConsolacionRenato/ComponentMock/actions/secrets/public-key {"message":"Must have admin rights to Repository.","documentation_url":"https://docs.github.com/rest/reference/actions#get-a-repository-public-key"}
[info] 
[info] 
[error] !  The provided authorization cannot be used with this repository. If this repository is in an organization, did you remember to grant access? 
[info] 
[info] i  Action required: Visit this URL to ensure access has been granted to the appropriate organization(s) for the Firebase CLI GitHub OAuth App: 
[info] https://github.com/settings/connections/applications/89cf50f02ac6aaed3484
[info] 
[debug] [2023-05-14T09:59:04.215Z] >>> [apiv2][query] GET https://api.github.com/repos/UBSITConsolacionRenato/ComponentMock/actions/secrets/public-key type=owner
[debug] [2023-05-14T09:59:04.628Z] <<< [apiv2][status] GET https://api.github.com/repos/UBSITConsolacionRenato/ComponentMock/actions/secrets/public-key 403
[debug] [2023-05-14T09:59:04.628Z] <<< [apiv2][body] GET https://api.github.com/repos/UBSITConsolacionRenato/ComponentMock/actions/secrets/public-key {"message":"Must have admin rights to Repository.","documentation_url":"https://docs.github.com/rest/reference/actions#get-a-repository-public-key"}
[info] 
[info] 
[error] !  The provided authorization cannot be used with this repository. If this repository is in an organization, did you remember to grant access? 
[info] 
[info] i  Action required: Visit this URL to ensure access has been granted to the appropriate organization(s) for the Firebase CLI GitHub OAuth App: 
[info] https://github.com/settings/connections/applications/89cf50f02ac6aaed3484
[info] 
[debug] [2023-05-14T09:59:04.969Z] >>> [apiv2][query] GET https://api.github.com/repos/UBSITConsolacionRenato/ComponentMock/actions/secrets/public-key type=owner
[debug] [2023-05-14T09:59:05.368Z] <<< [apiv2][status] GET https://api.github.com/repos/UBSITConsolacionRenato/ComponentMock/actions/secrets/public-key 403
[debug] [2023-05-14T09:59:05.369Z] <<< [apiv2][body] GET https://api.github.com/repos/UBSITConsolacionRenato/ComponentMock/actions/secrets/public-key {"message":"Must have admin rights to Repository.","documentation_url":"https://docs.github.com/rest/reference/actions#get-a-repository-public-key"}
[info] 
[info] 
[error] !  The provided authorization cannot be used with this repository. If this repository is in an organization, did you remember to grant access? 
[info] 
[info] i  Action required: Visit this URL to ensure access has been granted to the appropriate organization(s) for the Firebase CLI GitHub OAuth App: 
[info] https://github.com/settings/connections/applications/89cf50f02ac6aaed3484
[info] 
[debug] [2023-05-14T09:59:22.016Z] >>> [apiv2][query] GET https://api.github.com/repos/UBSITConsolacionRenato/ComponentMock/actions/secrets/public-key type=owner
[debug] [2023-05-14T09:59:22.418Z] <<< [apiv2][status] GET https://api.github.com/repos/UBSITConsolacionRenato/ComponentMock/actions/secrets/public-key 403
[debug] [2023-05-14T09:59:22.418Z] <<< [apiv2][body] GET https://api.github.com/repos/UBSITConsolacionRenato/ComponentMock/actions/secrets/public-key {"message":"Must have admin rights to Repository.","documentation_url":"https://docs.github.com/rest/reference/actions#get-a-repository-public-key"}
[info] 
[info] 
[error] !  The provided authorization cannot be used with this repository. If this repository is in an organization, did you remember to grant access? 
[info] 
[info] i  Action required: Visit this URL to ensure access has been granted to the appropriate organization(s) for the Firebase CLI GitHub OAuth App: 
[info] https://github.com/settings/connections/applications/89cf50f02ac6aaed3484
[info] 
[debug] [2023-05-14T09:59:23.512Z] >>> [apiv2][query] GET https://api.github.com/repos/UBSITConsolacionRenato/ComponentMock/actions/secrets/public-key type=owner
[debug] [2023-05-14T09:59:23.936Z] <<< [apiv2][status] GET https://api.github.com/repos/UBSITConsolacionRenato/ComponentMock/actions/secrets/public-key 403
[debug] [2023-05-14T09:59:23.936Z] <<< [apiv2][body] GET https://api.github.com/repos/UBSITConsolacionRenato/ComponentMock/actions/secrets/public-key {"message":"Must have admin rights to Repository.","documentation_url":"https://docs.github.com/rest/reference/actions#get-a-repository-public-key"}
[info] 
[info] 
[error] !  The provided authorization cannot be used with this repository. If this repository is in an organization, did you remember to grant access? 
[info] 
[info] i  Action required: Visit this URL to ensure access has been granted to the appropriate organization(s) for the Firebase CLI GitHub OAuth App: 
[info] https://github.com/settings/connections/applications/89cf50f02ac6aaed3484
[info] 
[debug] [2023-05-14T09:59:26.169Z] >>> [apiv2][query] GET https://api.github.com/repos/UBSITConsolacionRenato/ComponentMock/actions/secrets/public-key type=owner
[debug] [2023-05-14T09:59:26.576Z] <<< [apiv2][status] GET https://api.github.com/repos/UBSITConsolacionRenato/ComponentMock/actions/secrets/public-key 403
[debug] [2023-05-14T09:59:26.576Z] <<< [apiv2][body] GET https://api.github.com/repos/UBSITConsolacionRenato/ComponentMock/actions/secrets/public-key {"message":"Must have admin rights to Repository.","documentation_url":"https://docs.github.com/rest/reference/actions#get-a-repository-public-key"}
[info] 
[info] 
[error] !  The provided authorization cannot be used with this repository. If this repository is in an organization, did you remember to grant access? 
[info] 
[info] i  Action required: Visit this URL to ensure access has been granted to the appropriate organization(s) for the Firebase CLI GitHub OAuth App: 
[info] https://github.com/settings/connections/applications/89cf50f02ac6aaed3484
[info] 
[debug] [2023-05-14T09:59:27.321Z] >>> [apiv2][query] GET https://api.github.com/repos/UBSITConsolacionRenato/ComponentMock/actions/secrets/public-key type=owner
[debug] [2023-05-14T09:59:27.730Z] <<< [apiv2][status] GET https://api.github.com/repos/UBSITConsolacionRenato/ComponentMock/actions/secrets/public-key 403
[debug] [2023-05-14T09:59:27.731Z] <<< [apiv2][body] GET https://api.github.com/repos/UBSITConsolacionRenato/ComponentMock/actions/secrets/public-key {"message":"Must have admin rights to Repository.","documentation_url":"https://docs.github.com/rest/reference/actions#get-a-repository-public-key"}
[info] 
[info] 
[error] !  The provided authorization cannot be used with this repository. If this repository is in an organization, did you remember to grant access? 
[info] 
[info] i  Action required: Visit this URL to ensure access has been granted to the appropriate organization(s) for the Firebase CLI GitHub OAuth App: 
[info] https://github.com/settings/connections/applications/89cf50f02ac6aaed3484
[info] 
[debug] [2023-05-14T09:59:28.177Z] >>> [apiv2][query] GET https://api.github.com/repos/UBSITConsolacionRenato/ComponentMock/actions/secrets/public-key type=owner
[debug] [2023-05-14T09:59:28.583Z] <<< [apiv2][status] GET https://api.github.com/repos/UBSITConsolacionRenato/ComponentMock/actions/secrets/public-key 403
[debug] [2023-05-14T09:59:28.583Z] <<< [apiv2][body] GET https://api.github.com/repos/UBSITConsolacionRenato/ComponentMock/actions/secrets/public-key {"message":"Must have admin rights to Repository.","documentation_url":"https://docs.github.com/rest/reference/actions#get-a-repository-public-key"}
[info] 
[info] 
[error] !  The provided authorization cannot be used with this repository. If this repository is in an organization, did you remember to grant access? 
[info] 
[info] i  Action required: Visit this URL to ensure access has been granted to the appropriate organization(s) for the Firebase CLI GitHub OAuth App: 
[info] https://github.com/settings/connections/applications/89cf50f02ac6aaed3484
[info] 
[debug] [2023-05-14T09:59:29.666Z] >>> [apiv2][query] GET https://api.github.com/repos/UBSITConsolacionRenato/ComponentMock/actions/secrets/public-key type=owner
[debug] [2023-05-14T09:59:30.068Z] <<< [apiv2][status] GET https://api.github.com/repos/UBSITConsolacionRenato/ComponentMock/actions/secrets/public-key 403
[debug] [2023-05-14T09:59:30.069Z] <<< [apiv2][body] GET https://api.github.com/repos/UBSITConsolacionRenato/ComponentMock/actions/secrets/public-key {"message":"Must have admin rights to Repository.","documentation_url":"https://docs.github.com/rest/reference/actions#get-a-repository-public-key"}
[info] 
[info] 
[error] !  The provided authorization cannot be used with this repository. If this repository is in an organization, did you remember to grant access? 
[info] 
[info] i  Action required: Visit this URL to ensure access has been granted to the appropriate organization(s) for the Firebase CLI GitHub OAuth App: 
[info] https://github.com/settings/connections/applications/89cf50f02ac6aaed3484
[info] 
[debug] [2023-05-14T09:59:32.208Z] >>> [apiv2][query] GET https://api.github.com/repos/UBSITConsolacionRenato/ComponentMock/actions/secrets/public-key type=owner
[debug] [2023-05-14T09:59:32.621Z] <<< [apiv2][status] GET https://api.github.com/repos/UBSITConsolacionRenato/ComponentMock/actions/secrets/public-key 403
[debug] [2023-05-14T09:59:32.621Z] <<< [apiv2][body] GET https://api.github.com/repos/UBSITConsolacionRenato/ComponentMock/actions/secrets/public-key {"message":"Must have admin rights to Repository.","documentation_url":"https://docs.github.com/rest/reference/actions#get-a-repository-public-key"}
[info] 
[info] 
[error] !  The provided authorization cannot be used with this repository. If this repository is in an organization, did you remember to grant access? 
[info] 
[info] i  Action required: Visit this URL to ensure access has been granted to the appropriate organization(s) for the Firebase CLI GitHub OAuth App: 
[info] https://github.com/settings/connections/applications/89cf50f02ac6aaed3484
[info] 
